= Host-specific information ====================================================
$> hostname; uname -msr
e2r5p14.42.fr
Darwin 15.2.0 x86_64
$> date
Sat Jan 16 12:26:07 CET 2016
$> gcc --version
Configured with: --prefix=/Applications/Xcode.app/Contents/Developer/usr --with-gxx-include-dir=/usr/include/c++/4.2.1
Apple LLVM version 7.0.2 (clang-700.1.81)
Target: x86_64-apple-darwin15.2.0
Thread model: posix
$> clang --version
Apple LLVM version 7.0.2 (clang-700.1.81)
Target: x86_64-apple-darwin15.2.0
Thread model: posix

= User files collection ========================================================
Collecting user files from Vogsphere
Repository URL: auto-exam/2016/c-exam-beginner/practice-exam_20160116/hcherchi

= Git history ==================================================================
$> git -C /var/folders/5q/67xvn56d4n5_dbl1t388lp700000gq/T/tmpQBy3a6/user log --pretty='%H - %an, %ad : %s'
291049caf670e455dba9ddb064dcdb314a37bf59 - Amy CRESAP, Sat Jan 16 12:25:36 2016 +0100 : aff_last_param
 
= Collected files ==========================================
$> ls -lAR /var/folders/5q/67xvn56d4n5_dbl1t388lp700000gq/T/tmpQBy3a6/user
total 8
-rw-r--r--  1 deepthought  deepthought  254 Jan 16 12:26 __GIT_HISTORY
drwxr-xr-x  3 deepthought  deepthought  102 Jan 16 12:26 aff_last_param

/var/folders/5q/67xvn56d4n5_dbl1t388lp700000gq/T/tmpQBy3a6/user/aff_last_param:
total 8
-rw-r--r--  1 deepthought  deepthought  322 Jan 16 12:26 aff_last_param.c
 
= aff_last_param ===============================================================
$> clang -Wextra -Wall -Werror aff_last_param.c -o user_exe 

= Test 1 ===================================================
$> ./ew1upm9x7661c3lu1x5tidae 
$> diff -U 3 user_output_test1 test1.output | cat -e

Diff OK :D
= Test 2 ===================================================
$> ./zwfaukdeyibxau14s4a9jn45 "aYrMOL"
$> diff -U 3 user_output_test2 test2.output | cat -e

Diff OK :D
= Test 3 ===================================================
$> ./jlotgxemapsgrst7r82jf5ng "xFzfmIYsW3BQ"
$> diff -U 3 user_output_test3 test3.output | cat -e

Diff OK :D
= Test 4 ===================================================
$> ./ktze12f038ht7cwfjybbhvir "xfCVwsHAkGYu czFidkOQ4 0871bZX tNrha EkmunvZUg E7Mfh9d3vg CBRqfZTy hw8 GCLS16Mji ZrXH yp7ZuA 6ufMRlAW"
$> diff -U 3 user_output_test4 test4.output | cat -e

Diff OK :D
= Test 5 ===================================================
$> ./c04rmknsrvk8bnweqr3xi5ux "UPdEzwXR5V HwW2MP7 C6Q25 F SQfoyKi iVo p"
$> diff -U 3 user_output_test5 test5.output | cat -e

Diff OK :D
= Test 6 ===================================================
$> ./39mapvj3txsf1sqpy9koxtyc "t251gLc" "0Rfm" "Dvd3PzEH" "flv" "HaYpLPC4Xn" "8SULnV" "FEWvA" "jBr6zJ19" "UxYkcVj" "w5e1c" "n2gZEXCba7" "cgB" "qQDZ96o"
$> diff -U 3 user_output_test6 test6.output | cat -e

Diff OK :D
= Test 7 ===================================================
$> ./b0s6j2kfmfaj3npmwo3e95qd "G7NapDr1" "4hbQ" "06" "xgkF" "iQPC" "uqR0eUa8wyo" "hKIwtX3MEb" "yvpZ4gQ" "DN1vxEF" "MEYX" "8Ky7hFpn" "pYfs" "s8VeHc5qlAmy" "q" "NXwtYE7d" "zk8nwv5lE"
$> diff -U 3 user_output_test7 test7.output | cat -e

Diff OK :D
= Test 8 ===================================================
$> ./thxpdd9x6622au1s8uzns5c5 "Ak12SyDmM3 X6SetD3lc Ox" "jY7aFsfgRZ WRFtG5j2rMx xu0tH" "EcAN MdeS4m 8NR anMgt92ulf" "iYx" "xZ0uca39 WTyN dMeK lVP"
$> diff -U 3 user_output_test8 test8.output | cat -e

Diff OK :D
= Test 9 ===================================================
$> ./u5mwjrinaudkizti4v0mnbi6 "Gng wbq" "RNJgkHWU JmaAjHe1kuyw" "Y XED lJQv" "Zb R1AxI CIO26" "h" "UOvhZe0" "pmFjZ P" "ePV9c7o3CiKB pDkHsI5Gy9x0" "YFrNsmAz53q" "QKnmT2PJHg KP3xAYTOl8M lX" "N3WbiFY6Qgu E7TWtxA" "Wrien" "o50DVAZphjTB okaLzV"
$> diff -U 3 user_output_test9 test9.output | cat -e

Diff OK :D
Grade: 1

= Final grade: 1 ===============================================================
